<?xml version="1.0" encoding="UTF-8"?>
<!-- Generated by org.testng.reporters.JUnitXMLReporter -->
<testsuite hostname="HW2300" ignored="0" name="softassert1" tests="3" failures="2" timestamp="08 Aug 2018 12:24:41 GMT" time="0.053" errors="0">
  <testcase name="verifyHardAssert" time="0.015" classname="softassertutils.SoftAssertTest">
    <failure type="java.lang.AssertionError" message="expected [true] but found [false]">
      <![CDATA[java.lang.AssertionError: expected [true] but found [false]
at softassertutils.SoftAssertTest.verifyHardAssert(SoftAssertTest.java:32)
... Removed 29 stack frames]]>
    </failure>
  </testcase> <!-- verifyHardAssert -->
  <testcase name="verifySoftAssert1" time="0.004" classname="softassertutils.SoftAssertTest">
    <failure type="java.lang.AssertionError" message="The following asserts failed:
	expected [true] but found [false]">
      <![CDATA[java.lang.AssertionError: The following asserts failed:
expected [true] but found [false]
at softassertutils.SoftAssertTest.verifySoftAssert1(SoftAssertTest.java:16)
... Removed 26 stack frames]]>
    </failure>
  </testcase> <!-- verifySoftAssert1 -->
  <testcase name="verifySoftAssert2" time="0.001" classname="softassertutils.SoftAssertTest"/>
</testsuite> <!-- softassert1 -->
