<?xml version="1.0" encoding="UTF-8"?>
<!-- Generated by org.testng.reporters.JUnitXMLReporter -->
<testsuite hostname="HW2300" ignored="0" name="sample report" tests="3" failures="1" timestamp="01 Aug 2018 08:39:53 GMT" time="0.64" errors="0">
  <testcase name="failTest" time="0.008" classname="extentreportex.ExtentReportsClassVersion3">
    <failure type="java.lang.AssertionError" message="expected [true] but found [false]">
      <![CDATA[java.lang.AssertionError: expected [true] but found [false]
at extentreportex.ExtentReportsClassVersion3.failTest(ExtentReportsClassVersion3.java:84)
... Removed 29 stack frames]]>
    </failure>
  </testcase> <!-- failTest -->
  <testcase name="passTest" time="0.001" classname="extentreportex.ExtentReportsClassVersion3"/>
  <testcase name="skipTest" time="0.001" classname="extentreportex.ExtentReportsClassVersion3">
    <skipped/>
  </testcase> <!-- skipTest -->
</testsuite> <!-- sample report -->
